*** Starting uWSGI 2.0.15 (64bit) on [Thu Oct 19 20:44:04 2017] ***
compiled with version: 5.4.0 20160609 on 15 October 2017 18:50:24
os: Linux-4.4.0-31-generic #50-Ubuntu SMP Wed Jul 13 00:07:12 UTC 2016
nodename: ubuntu
machine: x86_64
clock source: unix
pcre jit disabled
detected number of CPU cores: 2
current working directory: /project/Blog
writing pidfile to uwsgi.pid
detected binary path: /home/python/.virtualenvs/lsjop/bin/uwsgi
chdir() to /project/Blog
your processes number limit is 11519
your memory page size is 4096 bytes
detected max file descriptor number: 1024
lock engine: pthread robust mutexes
thunder lock: disabled (you can enable it with --thunder-lock)
probably another instance of uWSGI is running on the same address (127.0.0.1:6666).
bind(): Address already in use [core/socket.c line 769]
*** Starting uWSGI 2.0.15 (64bit) on [Thu Oct 19 20:46:53 2017] ***
compiled with version: 5.4.0 20160609 on 15 October 2017 18:50:24
os: Linux-4.4.0-31-generic #50-Ubuntu SMP Wed Jul 13 00:07:12 UTC 2016
nodename: ubuntu
machine: x86_64
clock source: unix
pcre jit disabled
detected number of CPU cores: 2
current working directory: /project/Blog
writing pidfile to uwsgi.pid
detected binary path: /home/python/.virtualenvs/lsjop/bin/uwsgi
chdir() to /project/Blog
your processes number limit is 11519
your memory page size is 4096 bytes
detected max file descriptor number: 1024
lock engine: pthread robust mutexes
thunder lock: disabled (you can enable it with --thunder-lock)
uwsgi socket 0 bound to TCP address 127.0.0.1:6666 fd 3
Python version: 3.5.2 (default, Aug 18 2017, 17:48:00)  [GCC 5.4.0 20160609]
Python main interpreter initialized at 0x1ce3e00
python threads support enabled
your server socket listen backlog is limited to 100 connections
your mercy for graceful operations on workers is 60 seconds
mapped 415360 bytes (405 KB) for 8 cores
*** Operational MODE: preforking+threaded ***
WSGI app 0 (mountpoint='') ready in 0 seconds on interpreter 0x1ce3e00 pid: 11774 (default app)
*** uWSGI is running in multiple interpreter mode ***
spawned uWSGI master process (pid: 11774)
spawned uWSGI worker 1 (pid: 11776, cores: 2)
spawned uWSGI worker 2 (pid: 11777, cores: 2)
spawned uWSGI worker 3 (pid: 11779, cores: 2)
spawned uWSGI worker 4 (pid: 11781, cores: 2)
SIGINT/SIGQUIT received...killing workers...
worker 1 buried after 1 seconds
worker 2 buried after 1 seconds
worker 3 buried after 1 seconds
worker 4 buried after 1 seconds
goodbye to uWSGI.
*** Starting uWSGI 2.0.15 (64bit) on [Thu Oct 19 20:52:53 2017] ***
compiled with version: 5.4.0 20160609 on 15 October 2017 18:50:24
os: Linux-4.4.0-31-generic #50-Ubuntu SMP Wed Jul 13 00:07:12 UTC 2016
nodename: ubuntu
machine: x86_64
clock source: unix
pcre jit disabled
detected number of CPU cores: 2
current working directory: /project/Blog
writing pidfile to uwsgi.pid
detected binary path: /home/python/.virtualenvs/lsjop/bin/uwsgi
chdir() to /project/Blog
your processes number limit is 11519
your memory page size is 4096 bytes
detected max file descriptor number: 1024
lock engine: pthread robust mutexes
thunder lock: disabled (you can enable it with --thunder-lock)
uwsgi socket 0 bound to TCP address 127.0.0.1:6666 fd 3
Python version: 3.5.2 (default, Aug 18 2017, 17:48:00)  [GCC 5.4.0 20160609]
Python main interpreter initialized at 0x1975e00
python threads support enabled
your server socket listen backlog is limited to 100 connections
your mercy for graceful operations on workers is 60 seconds
mapped 415360 bytes (405 KB) for 8 cores
*** Operational MODE: preforking+threaded ***
WSGI app 0 (mountpoint='') ready in 0 seconds on interpreter 0x1975e00 pid: 12102 (default app)
*** uWSGI is running in multiple interpreter mode ***
spawned uWSGI master process (pid: 12102)
spawned uWSGI worker 1 (pid: 12104, cores: 2)
spawned uWSGI worker 2 (pid: 12105, cores: 2)
spawned uWSGI worker 3 (pid: 12107, cores: 2)
spawned uWSGI worker 4 (pid: 12109, cores: 2)
[pid: 12104|app: 0|req: 1/1] 127.0.0.1 () {42 vars in 811 bytes} [Thu Oct 19 20:55:49 2017] GET / => generated 14615 bytes in 189 msecs (HTTP/1.1 200) 3 headers in 111 bytes (1 switches on core 0)
[pid: 12105|app: 0|req: 1/2] 192.168.74.1 () {42 vars in 728 bytes} [Thu Oct 19 20:55:59 2017] GET /contact.html => generated 14615 bytes in 60 msecs (HTTP/1.1 200) 3 headers in 111 bytes (1 switches on core 0)
